0 info it worked if it ends with ok
1 verbose cli [ '/usr/bin/node',
1 verbose cli   '/usr/bin/npm',
1 verbose cli   'publish',
1 verbose cli   '--access',
1 verbose cli   'public' ]
2 info using npm@3.5.2
3 info using node@v8.10.0
4 verbose publish [ '.' ]
5 silly cache add args [ '.', null ]
6 verbose cache add spec .
7 silly cache add parsed spec Result {
7 silly cache add   raw: '.',
7 silly cache add   scope: null,
7 silly cache add   name: null,
7 silly cache add   rawSpec: '.',
7 silly cache add   spec: '/home/berker/lighthouse/w1/day_1/lotide',
7 silly cache add   type: 'directory' }
8 verbose addLocalDirectory /home/berker/.npm/@berker.erol/lotide/1.0.0/package.tgz not in flight; packing
9 info lifecycle @berker.erol/lotide@1.0.0~prepublish: @berker.erol/lotide@1.0.0
10 silly lifecycle @berker.erol/lotide@1.0.0~prepublish: no script for prepublish, continuing
11 verbose tar pack [ '/home/berker/.npm/@berker.erol/lotide/1.0.0/package.tgz',
11 verbose tar pack   '/home/berker/lighthouse/w1/day_1/lotide' ]
12 verbose tarball /home/berker/.npm/@berker.erol/lotide/1.0.0/package.tgz
13 verbose folder /home/berker/lighthouse/w1/day_1/lotide
14 verbose addLocalTarball adding from inside cache /home/berker/.npm/@berker.erol/lotide/1.0.0/package.tgz
15 silly cache afterAdd @berker.erol/lotide@1.0.0
16 verbose afterAdd /home/berker/.npm/@berker.erol/lotide/1.0.0/package/package.json not in flight; writing
17 verbose afterAdd /home/berker/.npm/@berker.erol/lotide/1.0.0/package/package.json written
18 silly publish { name: '@berker.erol/lotide',
18 silly publish   version: '1.0.0',
18 silly publish   description: 'Javascript exercises focusing on functions and arrays',
18 silly publish   main: '',
18 silly publish   directories: { test: 'test' },
18 silly publish   scripts: { test: './node_modules/mocha/bin/mocha' },
18 silly publish   repository:
18 silly publish    { type: 'git',
18 silly publish      url: 'git+https://github.com/berkererol/lotide.git' },
18 silly publish   author: { name: 'Berker Erol' },
18 silly publish   license: 'ISC',
18 silly publish   bugs: { url: 'https://github.com/berkererol/lotide/issues' },
18 silly publish   homepage: 'https://github.com/berkererol/lotide#readme',
18 silly publish   devDependencies: { chai: '^4.2.0', mocha: '^6.2.0' },
18 silly publish   readme: '# Lotide\n\nA mini clone of the [Lodash](https://lodash.com) library.\n\n## Purpose\n\n**_BEWARE:_ This library was published for learning purposes. It is _not_ intended for use in production-grade software.**\n\nThis project was created and published by me as part of my learnings at Lighthouse Labs. \n\n## Usage\n\n**Install it:**\n\n`npm install @berker.erol`\n\n**Require it:**\n\n`const _ = require(\'berker.erol/lotide\');`\n\n**Call it:**\n\n`const results = _.tail([1, 2, 3]) // => [2, 3]`\n\n## Documentation\n\nThe following functions are currently implemented:\n\n* `function1(...)`: description\n* `function2(...)`: description\n* `function3(...)`: description',
18 silly publish   readmeFilename: 'README.md',
18 silly publish   gitHead: '18fd02ab93ef29dd47969f8e5af66a26a7d284bb',
18 silly publish   _id: '@berker.erol/lotide@1.0.0',
18 silly publish   _shasum: 'd10cabddaa2999ad4b666077e2f9222b6ea5cae2',
18 silly publish   _from: '.' }
19 verbose getPublishConfig undefined
20 silly mapToRegistry name @berker.erol/lotide
21 silly mapToRegistry scope (from package name) @berker.erol
22 verbose mapToRegistry no registry URL found in name for scope @berker.erol
23 silly mapToRegistry using default registry
24 silly mapToRegistry registry https://registry.npmjs.org/
25 silly mapToRegistry uri https://registry.npmjs.org/@berker.erol%2flotide
26 verbose publish registryBase https://registry.npmjs.org/
27 silly publish uploading /home/berker/.npm/@berker.erol/lotide/1.0.0/package.tgz
28 verbose request uri https://registry.npmjs.org/@berker.erol%2flotide
29 verbose request sending authorization for write operation
30 info attempt registry request try #1 at 5:45:10 PM
31 verbose request using bearer token for auth
32 verbose request id a734f913db82ac46
33 http request PUT https://registry.npmjs.org/@berker.erol%2flotide
34 http 403 https://registry.npmjs.org/@berker.erol%2flotide
35 verbose headers { date: 'Mon, 26 Aug 2019 21:45:11 GMT',
35 verbose headers   'content-type': 'application/json',
35 verbose headers   'transfer-encoding': 'chunked',
35 verbose headers   connection: 'keep-alive',
35 verbose headers   'set-cookie':
35 verbose headers    [ '__cfduid=d573b85a1c6d6ddfe3c9e5ccfcbd9295c1566855911; expires=Tue, 25-Aug-20 21:45:11 GMT; path=/; domain=.npmjs.org; HttpOnly' ],
35 verbose headers   'cf-ray': '50c8fdc48f0dc5d8-EWR',
35 verbose headers   'expect-ct': 'max-age=604800, report-uri="https://report-uri.cloudflare.com/cdn-cgi/beacon/expect-ct"',
35 verbose headers   vary: 'Accept-Encoding',
35 verbose headers   server: 'cloudflare',
35 verbose headers   'content-encoding': 'gzip' }
36 verbose request invalidating /home/berker/.npm/registry.npmjs.org/_40berker.erol_252flotide on PUT
37 error publish Failed PUT 403
38 verbose stack Error: You cannot publish over the previously published versions: 1.0.0. : @berker.erol/lotide
38 verbose stack     at makeError (/usr/share/npm/node_modules/npm-registry-client/lib/request.js:264:12)
38 verbose stack     at CachingRegistryClient.<anonymous> (/usr/share/npm/node_modules/npm-registry-client/lib/request.js:252:14)
38 verbose stack     at /usr/share/npm/node_modules/npm-registry-client/lib/request.js:178:7
38 verbose stack     at Gunzip.onEnd (zlib.js:131:5)
38 verbose stack     at emitNone (events.js:111:20)
38 verbose stack     at Gunzip.emit (events.js:208:7)
38 verbose stack     at endReadableNT (_stream_readable.js:1064:12)
38 verbose stack     at _combinedTickCallback (internal/process/next_tick.js:138:11)
38 verbose stack     at process._tickCallback (internal/process/next_tick.js:180:9)
39 verbose statusCode 403
40 verbose pkgid @berker.erol/lotide
41 verbose cwd /home/berker/lighthouse/w1/day_1/lotide
42 error Linux 5.0.0-25-generic
43 error argv "/usr/bin/node" "/usr/bin/npm" "publish" "--access" "public"
44 error node v8.10.0
45 error npm  v3.5.2
46 error code E403
47 error You cannot publish over the previously published versions: 1.0.0. : @berker.erol/lotide
48 error If you need help, you may report this error at:
48 error     <https://github.com/npm/npm/issues>
49 verbose exit [ 1, true ]
